[     134ms] [LOG] [Fast Refresh] rebuilding @ http://localhost:3000/_next/static/chunks/node_modules_next_dist_115brz8._.js:2431
[     236ms] [LOG] [Fast Refresh] done in 216ms @ http://localhost:3000/_next/static/chunks/node_modules_next_dist_115brz8._.js:2431
[     372ms] [INFO] %cDownload the React DevTools for a better development experience: https://react.dev/link/react-devtools font-weight:bold @ http://localhost:3000/_next/static/chunks/node_modules_next_dist_115brz8._.js:2431
[     418ms] [LOG] [HMR] connected @ http://localhost:3000/_next/static/chunks/node_modules_next_dist_115brz8._.js:2431
[   76493ms] [LOG] [Fast Refresh] rebuilding @ http://localhost:3000/_next/static/chunks/node_modules_next_dist_115brz8._.js:2431
[   76507ms] [LOG] [Fast Refresh] done in 125ms @ http://localhost:3000/_next/static/chunks/node_modules_next_dist_115brz8._.js:2431
[   83561ms] [LOG] [Fast Refresh] rebuilding @ http://localhost:3000/_next/static/chunks/node_modules_next_dist_115brz8._.js:2431
[   84041ms] [LOG] [Fast Refresh] done in 589ms @ http://localhost:3000/_next/static/chunks/node_modules_next_dist_115brz8._.js:2431
[  101709ms] [LOG] [Fast Refresh] rebuilding @ http://localhost:3000/_next/static/chunks/node_modules_next_dist_115brz8._.js:2431
[  101785ms] [LOG] [Fast Refresh] done in 179ms @ http://localhost:3000/_next/static/chunks/node_modules_next_dist_115brz8._.js:2431
[  106512ms] [LOG] [Fast Refresh] rebuilding @ http://localhost:3000/_next/static/chunks/node_modules_next_dist_115brz8._.js:2431
[  106520ms] [LOG] [Fast Refresh] done in 118ms @ http://localhost:3000/_next/static/chunks/node_modules_next_dist_115brz8._.js:2431
[  114767ms] [LOG] [Fast Refresh] rebuilding @ http://localhost:3000/_next/static/chunks/node_modules_next_dist_115brz8._.js:2431
[  114790ms] [LOG] [Fast Refresh] done in 135ms @ http://localhost:3000/_next/static/chunks/node_modules_next_dist_115brz8._.js:2431
[  116915ms] [LOG] [Fast Refresh] rebuilding @ http://localhost:3000/_next/static/chunks/node_modules_next_dist_115brz8._.js:2431
[  117248ms] [LOG] [Fast Refresh] done in 448ms @ http://localhost:3000/_next/static/chunks/node_modules_next_dist_115brz8._.js:2431
[  383686ms] [LOG] [Fast Refresh] rebuilding @ http://localhost:3000/_next/static/chunks/node_modules_next_dist_115brz8._.js:2431
[  383914ms] [ERROR] ./src/messages/bg.json:312:388
Unable to make a module from invalid JSON
  310 | ... изследователски химикали, а не като лекарствени средства. Всички наши продукти се продават с ясно обозначение, че са предназначени единствено за in vitro употреба.",
  311 | ...
> 312 | ...едете номера на поръчката в раздел „Проследи поръчка". При въпроси се свържете с нас чрез WhatsApp за бърз отговор."
      |                                                         ^
  313 | ...
  314 | ...
  315 | ...

expected `,` or `}` at line 312 column 388 @ http://localhost:3000/_next/static/chunks/node_modules_next_dist_115brz8._.js:3272
[  384102ms] [ERROR] Failed to load resource: the server responded with a status of 500 (Internal Server Error) @ http://localhost:3000/bg/shop/weight-loss?_rsc=14dvv:0
[  384114ms] [ERROR] ./src/messages/bg.json:312:388
Unable to make a module from invalid JSON
  310 | ... изследователски химикали, а не като лекарствени средства. Всички наши продукти се продават с ясно обозначение, че са предназначени единствено за in vitro употреба.",
  311 | ...
> 312 | ...едете номера на поръчката в раздел „Проследи поръчка". При въпроси се свържете с нас чрез WhatsApp за бърз отговор."
      |                                                         ^
  313 | ...
  314 | ...
  315 | ...

expected `,` or `}` at line 312 column 388 @ http://localhost:3000/_next/static/chunks/node_modules_next_dist_115brz8._.js:3272
[  384122ms] [LOG] [Fast Refresh] rebuilding @ http://localhost:3000/_next/static/chunks/node_modules_next_dist_115brz8._.js:2431
[  384184ms] [ERROR] Failed to load resource: the server responded with a status of 500 (Internal Server Error) @ http://localhost:3000/bg/shop/weight-loss?_rsc=14dvv:0
[  384240ms] [ERROR] ./src/messages/bg.json:312:388
Unable to make a module from invalid JSON
  310 | ... изследователски химикали, а не като лекарствени средства. Всички наши продукти се продават с ясно обозначение, че са предназначени единствено за in vitro употреба.",
  311 | ...
> 312 | ...едете номера на поръчката в раздел „Проследи поръчка". При въпроси се свържете с нас чрез WhatsApp за бърз отговор."
      |                                                         ^
  313 | ...
  314 | ...
  315 | ...

expected `,` or `}` at line 312 column 388 @ http://localhost:3000/_next/static/chunks/node_modules_next_dist_115brz8._.js:3272
[  384245ms] [ERROR] Failed to load resource: the server responded with a status of 500 (Internal Server Error) @ http://localhost:3000/bg/shop/weight-loss:0
[  384390ms] [INFO] %cDownload the React DevTools for a better development experience: https://react.dev/link/react-devtools font-weight:bold @ http://localhost:3000/_next/static/chunks/node_modules_react-dom_0bruynb._.js:15305
[  384530ms] Error: ./src/messages/bg.json:312:388
Unable to make a module from invalid JSON
  310 | ... изследователски химикали, а не като лекарствени средства. Всички наши продукти се продават с ясно обозначение, че са предназначени единствено за in vitro употреба.",
  311 | ...
> 312 | ...едете номера на поръчката в раздел „Проследи поръчка". При въпроси се свържете с нас чрез WhatsApp за бърз отговор."
      |                                                         ^
  313 | ...
  314 | ...
  315 | ...

expected `,` or `}` at line 312 column 388


    at <unknown> (Error: ./src/messages/bg.json:312:388)
    at Object.getCompilationErrors (file://D:\Ai Builder Website\Пептиди\node_modules\next\dist\server\dev\hot-reloader-turbopack.js:1186:59)
    at DevBundlerService.getCompilationError (file://D:\Ai Builder Website\Пептиди\node_modules\next\dist\server\lib\dev-bundler-service.js:44:55)
    at DevServer.getCompilationError (file://D:\Ai Builder Website\Пептиди\node_modules\next\dist\server\dev\next-dev-server.js:719:42)
    at DevServer.findPageComponents (file://D:\Ai Builder Website\Пептиди\node_modules\next\dist\server\dev\next-dev-server.js:689:43)
    at async DevServer.renderErrorToResponseImpl (file://D:\Ai Builder Website\Пептиди\node_modules\next\dist\server\base-server.js:1745:26)
[  384531ms] [LOG] [HMR] connected @ http://localhost:3000/_next/static/chunks/node_modules_next_dist_0u_w_5s._.js:1226
[  384539ms] [ERROR] ./src/messages/bg.json:312:388
Unable to make a module from invalid JSON
  310 | ... изследователски химикали, а не като лекарствени средства. Всички наши продукти се продават с ясно обозначение, че са предназначени единствено за in vitro употреба.",
  311 | ...
> 312 | ...едете номера на поръчката в раздел „Проследи поръчка". При въпроси се свържете с нас чрез WhatsApp за бърз отговор."
      |                                                         ^
  313 | ...
  314 | ...
  315 | ...

expected `,` or `}` at line 312 column 388 @ http://localhost:3000/_next/static/chunks/node_modules_next_dist_0u_w_5s._.js:1945
[  384539ms] [ERROR] ./src/messages/bg.json:312:388
Unable to make a module from invalid JSON
  310 | ... изследователски химикали, а не като лекарствени средства. Всички наши продукти се продават с ясно обозначение, че са предназначени единствено за in vitro употреба.",
  311 | ...
> 312 | ...едете номера на поръчката в раздел „Проследи поръчка". При въпроси се свържете с нас чрез WhatsApp за бърз отговор."
      |                                                         ^
  313 | ...
  314 | ...
  315 | ...

expected `,` or `}` at line 312 column 388 @ http://localhost:3000/_next/static/chunks/node_modules_next_dist_0u_w_5s._.js:1945
[  384539ms] [ERROR] ./src/messages/bg.json:312:388
Unable to make a module from invalid JSON
  310 | ... изследователски химикали, а не като лекарствени средства. Всички наши продукти се продават с ясно обозначение, че са предназначени единствено за in vitro употреба.",
  311 | ...
> 312 | ...едете номера на поръчката в раздел „Проследи поръчка". При въпроси се свържете с нас чрез WhatsApp за бърз отговор."
      |                                                         ^
  313 | ...
  314 | ...
  315 | ...

expected `,` or `}` at line 312 column 388 @ http://localhost:3000/_next/static/chunks/node_modules_next_dist_0u_w_5s._.js:1945
[  384540ms] [ERROR] ./src/messages/bg.json:312:388
Unable to make a module from invalid JSON
  310 | ... изследователски химикали, а не като лекарствени средства. Всички наши продукти се продават с ясно обозначение, че са предназначени единствено за in vitro употреба.",
  311 | ...
> 312 | ...едете номера на поръчката в раздел „Проследи поръчка". При въпроси се свържете с нас чрез WhatsApp за бърз отговор."
      |                                                         ^
  313 | ...
  314 | ...
  315 | ...

expected `,` or `}` at line 312 column 388 @ http://localhost:3000/_next/static/chunks/node_modules_next_dist_0u_w_5s._.js:1945
[  384577ms] [ERROR] ./src/messages/bg.json:312:388
Unable to make a module from invalid JSON
  310 | ... изследователски химикали, а не като лекарствени средства. Всички наши продукти се продават с ясно обозначение, че са предназначени единствено за in vitro употреба.",
  311 | ...
> 312 | ...едете номера на поръчката в раздел „Проследи поръчка". При въпроси се свържете с нас чрез WhatsApp за бърз отговор."
      |                                                         ^
  313 | ...
  314 | ...
  315 | ...

expected `,` or `}` at line 312 column 388 @ http://localhost:3000/_next/static/chunks/node_modules_next_dist_0u_w_5s._.js:1945
[  384653ms] [LOG] [Fast Refresh] rebuilding @ http://localhost:3000/_next/static/chunks/node_modules_next_dist_0u_w_5s._.js:1226
[  385010ms] [ERROR] ./src/messages/bg.json:312:388
Unable to make a module from invalid JSON
  310 | ... изследователски химикали, а не като лекарствени средства. Всички наши продукти се продават с ясно обозначение, че са предназначени единствено за in vitro употреба.",
  311 | ...
> 312 | ...едете номера на поръчката в раздел „Проследи поръчка". При въпроси се свържете с нас чрез WhatsApp за бърз отговор."
      |                                                         ^
  313 | ...
  314 | ...
  315 | ...

expected `,` or `}` at line 312 column 388 @ http://localhost:3000/_next/static/chunks/node_modules_next_dist_0u_w_5s._.js:1945
[  385056ms] [LOG] [Fast Refresh] rebuilding @ http://localhost:3000/_next/static/chunks/node_modules_next_dist_0u_w_5s._.js:1226
[  456633ms] [LOG] [Fast Refresh] rebuilding @ http://localhost:3000/_next/static/chunks/node_modules_next_dist_0u_w_5s._.js:1226
[  456638ms] [ERROR] ./src/messages/bg.json:312:388
Unable to make a module from invalid JSON
  310 | ... изследователски химикали, а не като лекарствени средства. Всички наши продукти се продават с ясно обозначение, че са предназначени единствено за in vitro употреба.",
  311 | ...
> 312 | ...едете номера на поръчката в раздел „Проследи поръчка". При въпроси се свържете с нас чрез WhatsApp за бърз отговор."
      |                                                         ^
  313 | ...
  314 | ...
  315 | ...

expected `,` or `}` at line 312 column 388 @ http://localhost:3000/_next/static/chunks/node_modules_next_dist_0u_w_5s._.js:1945
[  669735ms] [ERROR] ./src/messages/bg.json:312:388
Unable to make a module from invalid JSON
  310 | ... изследователски химикали, а не като лекарствени средства. Всички наши продукти се продават с ясно обозначение, че са предназначени единствено за in vitro употреба.",
  311 | ...
> 312 | ...едете номера на поръчката в раздел „Проследи поръчка". При въпроси се свържете с нас чрез WhatsApp за бърз отговор."
      |                                                         ^
  313 | ...
  314 | ...
  315 | ...

expected `,` or `}` at line 312 column 388 @ http://localhost:3000/_next/static/chunks/node_modules_next_dist_0u_w_5s._.js:1945
[  669810ms] [LOG] [Fast Refresh] rebuilding @ http://localhost:3000/_next/static/chunks/node_modules_next_dist_0u_w_5s._.js:1226
[  669922ms] [ERROR] ./src/messages/bg.json:312:388
Unable to make a module from invalid JSON
  310 | ... изследователски химикали, а не като лекарствени средства. Всички наши продукти се продават с ясно обозначение, че са предназначени единствено за in vitro употреба.",
  311 | ...
> 312 | ...едете номера на поръчката в раздел „Проследи поръчка". При въпроси се свържете с нас чрез WhatsApp за бърз отговор."
      |                                                         ^
  313 | ...
  314 | ...
  315 | ...

expected `,` or `}` at line 312 column 388 @ http://localhost:3000/_next/static/chunks/node_modules_next_dist_0u_w_5s._.js:1945
[  669996ms] [LOG] [Fast Refresh] rebuilding @ http://localhost:3000/_next/static/chunks/node_modules_next_dist_0u_w_5s._.js:1226
[  778892ms] [LOG] [Fast Refresh] rebuilding @ http://localhost:3000/_next/static/chunks/node_modules_next_dist_0u_w_5s._.js:1226
[  778940ms] [ERROR] ./src/messages/bg.json:312:388
Unable to make a module from invalid JSON
  310 | ... изследователски химикали, а не като лекарствени средства. Всички наши продукти се продават с ясно обозначение, че са предназначени единствено за in vitro употреба.",
  311 | ...
> 312 | ...едете номера на поръчката в раздел „Проследи поръчка". При въпроси се свържете с нас чрез WhatsApp за бърз отговор."
      |                                                         ^
  313 | ...
  314 | ...
  315 | ...

expected `,` or `}` at line 312 column 388 @ http://localhost:3000/_next/static/chunks/node_modules_next_dist_0u_w_5s._.js:1945
[  779971ms] [LOG] [Fast Refresh] rebuilding @ http://localhost:3000/_next/static/chunks/node_modules_next_dist_0u_w_5s._.js:1226
[  780004ms] [ERROR] ./src/messages/bg.json:312:388
Unable to make a module from invalid JSON
  310 | ... изследователски химикали, а не като лекарствени средства. Всички наши продукти се продават с ясно обозначение, че са предназначени единствено за in vitro употреба.",
  311 | ...
> 312 | ...едете номера на поръчката в раздел „Проследи поръчка". При въпроси се свържете с нас чрез WhatsApp за бърз отговор."
      |                                                         ^
  313 | ...
  314 | ...
  315 | ...

expected `,` or `}` at line 312 column 388 @ http://localhost:3000/_next/static/chunks/node_modules_next_dist_0u_w_5s._.js:1945
[  781580ms] [LOG] [Fast Refresh] rebuilding @ http://localhost:3000/_next/static/chunks/node_modules_next_dist_0u_w_5s._.js:1226
[  781583ms] [ERROR] ./src/messages/bg.json:312:388
Unable to make a module from invalid JSON
  310 | ... изследователски химикали, а не като лекарствени средства. Всички наши продукти се продават с ясно обозначение, че са предназначени единствено за in vitro употреба.",
  311 | ...
> 312 | ...едете номера на поръчката в раздел „Проследи поръчка". При въпроси се свържете с нас чрез WhatsApp за бърз отговор."
      |                                                         ^
  313 | ...
  314 | ...
  315 | ...

expected `,` or `}` at line 312 column 388 @ http://localhost:3000/_next/static/chunks/node_modules_next_dist_0u_w_5s._.js:1945
[  783916ms] [LOG] [Fast Refresh] rebuilding @ http://localhost:3000/_next/static/chunks/node_modules_next_dist_0u_w_5s._.js:1226
[  784074ms] [ERROR] ./src/messages/bg.json:312:388
Unable to make a module from invalid JSON
  310 | ... изследователски химикали, а не като лекарствени средства. Всички наши продукти се продават с ясно обозначение, че са предназначени единствено за in vitro употреба.",
  311 | ...
> 312 | ...едете номера на поръчката в раздел „Проследи поръчка". При въпроси се свържете с нас чрез WhatsApp за бърз отговор."
      |                                                         ^
  313 | ...
  314 | ...
  315 | ...

expected `,` or `}` at line 312 column 388 @ http://localhost:3000/_next/static/chunks/node_modules_next_dist_0u_w_5s._.js:1945
[  788038ms] [LOG] [Fast Refresh] rebuilding @ http://localhost:3000/_next/static/chunks/node_modules_next_dist_0u_w_5s._.js:1226
[  788230ms] [ERROR] ./src/messages/bg.json:312:388
Unable to make a module from invalid JSON
  310 | ... изследователски химикали, а не като лекарствени средства. Всички наши продукти се продават с ясно обозначение, че са предназначени единствено за in vitro употреба.",
  311 | ...
> 312 | ...едете номера на поръчката в раздел „Проследи поръчка". При въпроси се свържете с нас чрез WhatsApp за бърз отговор."
      |                                                         ^
  313 | ...
  314 | ...
  315 | ...

expected `,` or `}` at line 312 column 388 @ http://localhost:3000/_next/static/chunks/node_modules_next_dist_0u_w_5s._.js:1945
[  789219ms] [LOG] [Fast Refresh] rebuilding @ http://localhost:3000/_next/static/chunks/node_modules_next_dist_0u_w_5s._.js:1226
[  789393ms] [ERROR] ./src/messages/bg.json:312:388
Unable to make a module from invalid JSON
  310 | ... изследователски химикали, а не като лекарствени средства. Всички наши продукти се продават с ясно обозначение, че са предназначени единствено за in vitro употреба.",
  311 | ...
> 312 | ...едете номера на поръчката в раздел „Проследи поръчка". При въпроси се свържете с нас чрез WhatsApp за бърз отговор."
      |                                                         ^
  313 | ...
  314 | ...
  315 | ...

expected `,` or `}` at line 312 column 388 @ http://localhost:3000/_next/static/chunks/node_modules_next_dist_0u_w_5s._.js:1945
[  790314ms] [ERROR] ./src/messages/bg.json:312:388
Unable to make a module from invalid JSON
  310 | ... изследователски химикали, а не като лекарствени средства. Всички наши продукти се продават с ясно обозначение, че са предназначени единствено за in vitro употреба.",
  311 | ...
> 312 | ...едете номера на поръчката в раздел „Проследи поръчка". При въпроси се свържете с нас чрез WhatsApp за бърз отговор."
      |                                                         ^
  313 | ...
  314 | ...
  315 | ...

expected `,` or `}` at line 312 column 388 @ http://localhost:3000/_next/static/chunks/node_modules_next_dist_0u_w_5s._.js:1945
[  790343ms] [LOG] [Fast Refresh] rebuilding @ http://localhost:3000/_next/static/chunks/node_modules_next_dist_0u_w_5s._.js:1226
[  798440ms] [ERROR] ./src/messages/bg.json:312:388
Unable to make a module from invalid JSON
  310 | ... изследователски химикали, а не като лекарствени средства. Всички наши продукти се продават с ясно обозначение, че са предназначени единствено за in vitro употреба.",
  311 | ...
> 312 | ...едете номера на поръчката в раздел „Проследи поръчка". При въпроси се свържете с нас чрез WhatsApp за бърз отговор."
      |                                                         ^
  313 | ...
  314 | ...
  315 | ...

expected `,` or `}` at line 312 column 388 @ http://localhost:3000/_next/static/chunks/node_modules_next_dist_0u_w_5s._.js:1945
[  798469ms] [LOG] [Fast Refresh] rebuilding @ http://localhost:3000/_next/static/chunks/node_modules_next_dist_0u_w_5s._.js:1226
[  807520ms] [ERROR] ./src/messages/bg.json:312:388
Unable to make a module from invalid JSON
  310 | ... изследователски химикали, а не като лекарствени средства. Всички наши продукти се продават с ясно обозначение, че са предназначени единствено за in vitro употреба.",
  311 | ...
> 312 | ...едете номера на поръчката в раздел „Проследи поръчка". При въпроси се свържете с нас чрез WhatsApp за бърз отговор."
      |                                                         ^
  313 | ...
  314 | ...
  315 | ...

expected `,` or `}` at line 312 column 388 @ http://localhost:3000/_next/static/chunks/node_modules_next_dist_0u_w_5s._.js:1945
[  807533ms] [LOG] [Fast Refresh] rebuilding @ http://localhost:3000/_next/static/chunks/node_modules_next_dist_0u_w_5s._.js:1226
[  808920ms] [ERROR] ./src/messages/bg.json:312:388
Unable to make a module from invalid JSON
  310 | ... изследователски химикали, а не като лекарствени средства. Всички наши продукти се продават с ясно обозначение, че са предназначени единствено за in vitro употреба.",
  311 | ...
> 312 | ...едете номера на поръчката в раздел „Проследи поръчка". При въпроси се свържете с нас чрез WhatsApp за бърз отговор."
      |                                                         ^
  313 | ...
  314 | ...
  315 | ...

expected `,` or `}` at line 312 column 388 @ http://localhost:3000/_next/static/chunks/node_modules_next_dist_0u_w_5s._.js:1945
[  808949ms] [LOG] [Fast Refresh] rebuilding @ http://localhost:3000/_next/static/chunks/node_modules_next_dist_0u_w_5s._.js:1226
[  809900ms] [LOG] [Fast Refresh] rebuilding @ http://localhost:3000/_next/static/chunks/node_modules_next_dist_0u_w_5s._.js:1226
[  809903ms] [ERROR] ./src/messages/bg.json:312:388
Unable to make a module from invalid JSON
  310 | ... изследователски химикали, а не като лекарствени средства. Всички наши продукти се продават с ясно обозначение, че са предназначени единствено за in vitro употреба.",
  311 | ...
> 312 | ...едете номера на поръчката в раздел „Проследи поръчка". При въпроси се свържете с нас чрез WhatsApp за бърз отговор."
      |                                                         ^
  313 | ...
  314 | ...
  315 | ...

expected `,` or `}` at line 312 column 388 @ http://localhost:3000/_next/static/chunks/node_modules_next_dist_0u_w_5s._.js:1945
[  811102ms] [ERROR] ./src/messages/bg.json:312:388
Unable to make a module from invalid JSON
  310 | ... изследователски химикали, а не като лекарствени средства. Всички наши продукти се продават с ясно обозначение, че са предназначени единствено за in vitro употреба.",
  311 | ...
> 312 | ...едете номера на поръчката в раздел „Проследи поръчка". При въпроси се свържете с нас чрез WhatsApp за бърз отговор."
      |                                                         ^
  313 | ...
  314 | ...
  315 | ...

expected `,` or `}` at line 312 column 388 @ http://localhost:3000/_next/static/chunks/node_modules_next_dist_0u_w_5s._.js:1945
[  811131ms] [LOG] [Fast Refresh] rebuilding @ http://localhost:3000/_next/static/chunks/node_modules_next_dist_0u_w_5s._.js:1226
[  812226ms] [ERROR] ./src/messages/bg.json:312:388
Unable to make a module from invalid JSON
  310 | ... изследователски химикали, а не като лекарствени средства. Всички наши продукти се продават с ясно обозначение, че са предназначени единствено за in vitro употреба.",
  311 | ...
> 312 | ...едете номера на поръчката в раздел „Проследи поръчка". При въпроси се свържете с нас чрез WhatsApp за бърз отговор."
      |                                                         ^
  313 | ...
  314 | ...
  315 | ...

expected `,` or `}` at line 312 column 388 @ http://localhost:3000/_next/static/chunks/node_modules_next_dist_0u_w_5s._.js:1945
[  812239ms] [LOG] [Fast Refresh] rebuilding @ http://localhost:3000/_next/static/chunks/node_modules_next_dist_0u_w_5s._.js:1226
[  813192ms] [ERROR] ./src/messages/bg.json:312:388
Unable to make a module from invalid JSON
  310 | ... изследователски химикали, а не като лекарствени средства. Всички наши продукти се продават с ясно обозначение, че са предназначени единствено за in vitro употреба.",
  311 | ...
> 312 | ...едете номера на поръчката в раздел „Проследи поръчка". При въпроси се свържете с нас чрез WhatsApp за бърз отговор."
      |                                                         ^
  313 | ...
  314 | ...
  315 | ...

expected `,` or `}` at line 312 column 388 @ http://localhost:3000/_next/static/chunks/node_modules_next_dist_0u_w_5s._.js:1945
[  813222ms] [LOG] [Fast Refresh] rebuilding @ http://localhost:3000/_next/static/chunks/node_modules_next_dist_0u_w_5s._.js:1226
[  815603ms] [LOG] [Fast Refresh] rebuilding @ http://localhost:3000/_next/static/chunks/node_modules_next_dist_0u_w_5s._.js:1226
[  815823ms] [ERROR] ./src/messages/bg.json:312:388
Unable to make a module from invalid JSON
  310 | ... изследователски химикали, а не като лекарствени средства. Всички наши продукти се продават с ясно обозначение, че са предназначени единствено за in vitro употреба.",
  311 | ...
> 312 | ...едете номера на поръчката в раздел „Проследи поръчка". При въпроси се свържете с нас чрез WhatsApp за бърз отговор."
      |                                                         ^
  313 | ...
  314 | ...
  315 | ...

expected `,` or `}` at line 312 column 388 @ http://localhost:3000/_next/static/chunks/node_modules_next_dist_0u_w_5s._.js:1945
[  818007ms] [ERROR] ./src/messages/bg.json:312:388
Unable to make a module from invalid JSON
  310 | ... изследователски химикали, а не като лекарствени средства. Всички наши продукти се продават с ясно обозначение, че са предназначени единствено за in vitro употреба.",
  311 | ...
> 312 | ...едете номера на поръчката в раздел „Проследи поръчка". При въпроси се свържете с нас чрез WhatsApp за бърз отговор."
      |                                                         ^
  313 | ...
  314 | ...
  315 | ...

expected `,` or `}` at line 312 column 388 @ http://localhost:3000/_next/static/chunks/node_modules_next_dist_0u_w_5s._.js:1945
[  818051ms] [LOG] [Fast Refresh] rebuilding @ http://localhost:3000/_next/static/chunks/node_modules_next_dist_0u_w_5s._.js:1226
[  818971ms] [ERROR] ./src/messages/bg.json:312:388
Unable to make a module from invalid JSON
  310 | ... изследователски химикали, а не като лекарствени средства. Всички наши продукти се продават с ясно обозначение, че са предназначени единствено за in vitro употреба.",
  311 | ...
> 312 | ...едете номера на поръчката в раздел „Проследи поръчка". При въпроси се свържете с нас чрез WhatsApp за бърз отговор."
      |                                                         ^
  313 | ...
  314 | ...
  315 | ...

expected `,` or `}` at line 312 column 388 @ http://localhost:3000/_next/static/chunks/node_modules_next_dist_0u_w_5s._.js:1945
[  819015ms] [LOG] [Fast Refresh] rebuilding @ http://localhost:3000/_next/static/chunks/node_modules_next_dist_0u_w_5s._.js:1226
[  819952ms] [ERROR] ./src/messages/bg.json:312:388
Unable to make a module from invalid JSON
  310 | ... изследователски химикали, а не като лекарствени средства. Всички наши продукти се продават с ясно обозначение, че са предназначени единствено за in vitro употреба.",
  311 | ...
> 312 | ...едете номера на поръчката в раздел „Проследи поръчка". При въпроси се свържете с нас чрез WhatsApp за бърз отговор."
      |                                                         ^
  313 | ...
  314 | ...
  315 | ...

expected `,` or `}` at line 312 column 388 @ http://localhost:3000/_next/static/chunks/node_modules_next_dist_0u_w_5s._.js:1945
[  819996ms] [LOG] [Fast Refresh] rebuilding @ http://localhost:3000/_next/static/chunks/node_modules_next_dist_0u_w_5s._.js:1226
[  826885ms] [ERROR] ./src/messages/bg.json:312:388
Unable to make a module from invalid JSON
  310 | ... изследователски химикали, а не като лекарствени средства. Всички наши продукти се продават с ясно обозначение, че са предназначени единствено за in vitro употреба.",
  311 | ...
> 312 | ...едете номера на поръчката в раздел „Проследи поръчка". При въпроси се свържете с нас чрез WhatsApp за бърз отговор."
      |                                                         ^
  313 | ...
  314 | ...
  315 | ...

expected `,` or `}` at line 312 column 388 @ http://localhost:3000/_next/static/chunks/node_modules_next_dist_0u_w_5s._.js:1945
[  826913ms] [LOG] [Fast Refresh] rebuilding @ http://localhost:3000/_next/static/chunks/node_modules_next_dist_0u_w_5s._.js:1226
[  828898ms] [ERROR] ./src/messages/bg.json:312:388
Unable to make a module from invalid JSON
  310 | ... изследователски химикали, а не като лекарствени средства. Всички наши продукти се продават с ясно обозначение, че са предназначени единствено за in vitro употреба.",
  311 | ...
> 312 | ...едете номера на поръчката в раздел „Проследи поръчка". При въпроси се свържете с нас чрез WhatsApp за бърз отговор."
      |                                                         ^
  313 | ...
  314 | ...
  315 | ...

expected `,` or `}` at line 312 column 388 @ http://localhost:3000/_next/static/chunks/node_modules_next_dist_0u_w_5s._.js:1945
[  828901ms] [LOG] [Fast Refresh] rebuilding @ http://localhost:3000/_next/static/chunks/node_modules_next_dist_0u_w_5s._.js:1226
[  829803ms] [ERROR] ./src/messages/bg.json:312:388
Unable to make a module from invalid JSON
  310 | ... изследователски химикали, а не като лекарствени средства. Всички наши продукти се продават с ясно обозначение, че са предназначени единствено за in vitro употреба.",
  311 | ...
> 312 | ...едете номера на поръчката в раздел „Проследи поръчка". При въпроси се свържете с нас чрез WhatsApp за бърз отговор."
      |                                                         ^
  313 | ...
  314 | ...
  315 | ...

expected `,` or `}` at line 312 column 388 @ http://localhost:3000/_next/static/chunks/node_modules_next_dist_0u_w_5s._.js:1945
[  829824ms] [LOG] [Fast Refresh] rebuilding @ http://localhost:3000/_next/static/chunks/node_modules_next_dist_0u_w_5s._.js:1226
[  832542ms] [ERROR] ./src/messages/bg.json:312:388
Unable to make a module from invalid JSON
  310 | ... изследователски химикали, а не като лекарствени средства. Всички наши продукти се продават с ясно обозначение, че са предназначени единствено за in vitro употреба.",
  311 | ...
> 312 | ...едете номера на поръчката в раздел „Проследи поръчка". При въпроси се свържете с нас чрез WhatsApp за бърз отговор."
      |                                                         ^
  313 | ...
  314 | ...
  315 | ...

expected `,` or `}` at line 312 column 388 @ http://localhost:3000/_next/static/chunks/node_modules_next_dist_0u_w_5s._.js:1945
[  832572ms] [LOG] [Fast Refresh] rebuilding @ http://localhost:3000/_next/static/chunks/node_modules_next_dist_0u_w_5s._.js:1226
[  834619ms] [ERROR] ./src/messages/bg.json:312:388
Unable to make a module from invalid JSON
  310 | ... изследователски химикали, а не като лекарствени средства. Всички наши продукти се продават с ясно обозначение, че са предназначени единствено за in vitro употреба.",
  311 | ...
> 312 | ...едете номера на поръчката в раздел „Проследи поръчка". При въпроси се свържете с нас чрез WhatsApp за бърз отговор."
      |                                                         ^
  313 | ...
  314 | ...
  315 | ...

expected `,` or `}` at line 312 column 388 @ http://localhost:3000/_next/static/chunks/node_modules_next_dist_0u_w_5s._.js:1945
[  834664ms] [LOG] [Fast Refresh] rebuilding @ http://localhost:3000/_next/static/chunks/node_modules_next_dist_0u_w_5s._.js:1226
[  836038ms] [ERROR] ./src/messages/bg.json:312:388
Unable to make a module from invalid JSON
  310 | ... изследователски химикали, а не като лекарствени средства. Всички наши продукти се продават с ясно обозначение, че са предназначени единствено за in vitro употреба.",
  311 | ...
> 312 | ...едете номера на поръчката в раздел „Проследи поръчка". При въпроси се свържете с нас чрез WhatsApp за бърз отговор."
      |                                                         ^
  313 | ...
  314 | ...
  315 | ...

expected `,` or `}` at line 312 column 388 @ http://localhost:3000/_next/static/chunks/node_modules_next_dist_0u_w_5s._.js:1945
[  836084ms] [LOG] [Fast Refresh] rebuilding @ http://localhost:3000/_next/static/chunks/node_modules_next_dist_0u_w_5s._.js:1226
[  837313ms] [ERROR] ./src/messages/bg.json:312:388
Unable to make a module from invalid JSON
  310 | ... изследователски химикали, а не като лекарствени средства. Всички наши продукти се продават с ясно обозначение, че са предназначени единствено за in vitro употреба.",
  311 | ...
> 312 | ...едете номера на поръчката в раздел „Проследи поръчка". При въпроси се свържете с нас чрез WhatsApp за бърз отговор."
      |                                                         ^
  313 | ...
  314 | ...
  315 | ...

expected `,` or `}` at line 312 column 388 @ http://localhost:3000/_next/static/chunks/node_modules_next_dist_0u_w_5s._.js:1945
[  837359ms] [LOG] [Fast Refresh] rebuilding @ http://localhost:3000/_next/static/chunks/node_modules_next_dist_0u_w_5s._.js:1226
[  844008ms] [ERROR] ./src/messages/bg.json:312:388
Unable to make a module from invalid JSON
  310 | ... изследователски химикали, а не като лекарствени средства. Всички наши продукти се продават с ясно обозначение, че са предназначени единствено за in vitro употреба.",
  311 | ...
> 312 | ...едете номера на поръчката в раздел „Проследи поръчка". При въпроси се свържете с нас чрез WhatsApp за бърз отговор."
      |                                                         ^
  313 | ...
  314 | ...
  315 | ...

expected `,` or `}` at line 312 column 388 @ http://localhost:3000/_next/static/chunks/node_modules_next_dist_0u_w_5s._.js:1945
[  844021ms] [LOG] [Fast Refresh] rebuilding @ http://localhost:3000/_next/static/chunks/node_modules_next_dist_0u_w_5s._.js:1226
[  845141ms] [ERROR] ./src/messages/bg.json:312:388
Unable to make a module from invalid JSON
  310 | ... изследователски химикали, а не като лекарствени средства. Всички наши продукти се продават с ясно обозначение, че са предназначени единствено за in vitro употреба.",
  311 | ...
> 312 | ...едете номера на поръчката в раздел „Проследи поръчка". При въпроси се свържете с нас чрез WhatsApp за бърз отговор."
      |                                                         ^
  313 | ...
  314 | ...
  315 | ...

expected `,` or `}` at line 312 column 388 @ http://localhost:3000/_next/static/chunks/node_modules_next_dist_0u_w_5s._.js:1945
[  845154ms] [LOG] [Fast Refresh] rebuilding @ http://localhost:3000/_next/static/chunks/node_modules_next_dist_0u_w_5s._.js:1226
[  846665ms] [ERROR] ./src/messages/bg.json:312:388
Unable to make a module from invalid JSON
  310 | ... изследователски химикали, а не като лекарствени средства. Всички наши продукти се продават с ясно обозначение, че са предназначени единствено за in vitro употреба.",
  311 | ...
> 312 | ...едете номера на поръчката в раздел „Проследи поръчка". При въпроси се свържете с нас чрез WhatsApp за бърз отговор."
      |                                                         ^
  313 | ...
  314 | ...
  315 | ...

expected `,` or `}` at line 312 column 388 @ http://localhost:3000/_next/static/chunks/node_modules_next_dist_0u_w_5s._.js:1945
[  846679ms] [LOG] [Fast Refresh] rebuilding @ http://localhost:3000/_next/static/chunks/node_modules_next_dist_0u_w_5s._.js:1226
[  847572ms] [ERROR] ./src/messages/bg.json:312:388
Unable to make a module from invalid JSON
  310 | ... изследователски химикали, а не като лекарствени средства. Всички наши продукти се продават с ясно обозначение, че са предназначени единствено за in vitro употреба.",
  311 | ...
> 312 | ...едете номера на поръчката в раздел „Проследи поръчка". При въпроси се свържете с нас чрез WhatsApp за бърз отговор."
      |                                                         ^
  313 | ...
  314 | ...
  315 | ...

expected `,` or `}` at line 312 column 388 @ http://localhost:3000/_next/static/chunks/node_modules_next_dist_0u_w_5s._.js:1945
[  847594ms] [LOG] [Fast Refresh] rebuilding @ http://localhost:3000/_next/static/chunks/node_modules_next_dist_0u_w_5s._.js:1226
[  852534ms] [LOG] [Fast Refresh] rebuilding @ http://localhost:3000/_next/static/chunks/node_modules_next_dist_0u_w_5s._.js:1226
[  852543ms] [ERROR] ./src/messages/bg.json:312:388
Unable to make a module from invalid JSON
  310 | ... изследователски химикали, а не като лекарствени средства. Всички наши продукти се продават с ясно обозначение, че са предназначени единствено за in vitro употреба.",
  311 | ...
> 312 | ...едете номера на поръчката в раздел „Проследи поръчка". При въпроси се свържете с нас чрез WhatsApp за бърз отговор."
      |                                                         ^
  313 | ...
  314 | ...
  315 | ...

expected `,` or `}` at line 312 column 388 @ http://localhost:3000/_next/static/chunks/node_modules_next_dist_0u_w_5s._.js:1945
[  856021ms] [ERROR] ./src/messages/bg.json:312:388
Unable to make a module from invalid JSON
  310 | ... изследователски химикали, а не като лекарствени средства. Всички наши продукти се продават с ясно обозначение, че са предназначени единствено за in vitro употреба.",
  311 | ...
> 312 | ...едете номера на поръчката в раздел „Проследи поръчка". При въпроси се свържете с нас чрез WhatsApp за бърз отговор."
      |                                                         ^
  313 | ...
  314 | ...
  315 | ...

expected `,` or `}` at line 312 column 388 @ http://localhost:3000/_next/static/chunks/node_modules_next_dist_0u_w_5s._.js:1945
[  856034ms] [LOG] [Fast Refresh] rebuilding @ http://localhost:3000/_next/static/chunks/node_modules_next_dist_0u_w_5s._.js:1226
[  891972ms] [ERROR] ./src/messages/bg.json:312:388
Unable to make a module from invalid JSON
  310 | ... изследователски химикали, а не като лекарствени средства. Всички наши продукти се продават с ясно обозначение, че са предназначени единствено за in vitro употреба.",
  311 | ...
> 312 | ...едете номера на поръчката в раздел „Проследи поръчка". При въпроси се свържете с нас чрез WhatsApp за бърз отговор."
      |                                                         ^
  313 | ...
  314 | ...
  315 | ...

expected `,` or `}` at line 312 column 388 @ http://localhost:3000/_next/static/chunks/node_modules_next_dist_0u_w_5s._.js:1945
[  892035ms] [LOG] [Fast Refresh] rebuilding @ http://localhost:3000/_next/static/chunks/node_modules_next_dist_0u_w_5s._.js:1226
[  903530ms] [LOG] [Fast Refresh] rebuilding @ http://localhost:3000/_next/static/chunks/node_modules_next_dist_0u_w_5s._.js:1226
[  903532ms] [ERROR] ./src/messages/bg.json:312:388
Unable to make a module from invalid JSON
  310 | ... изследователски химикали, а не като лекарствени средства. Всички наши продукти се продават с ясно обозначение, че са предназначени единствено за in vitro употреба.",
  311 | ...
> 312 | ...едете номера на поръчката в раздел „Проследи поръчка". При въпроси се свържете с нас чрез WhatsApp за бърз отговор."
      |                                                         ^
  313 | ...
  314 | ...
  315 | ...

expected `,` or `}` at line 312 column 388 @ http://localhost:3000/_next/static/chunks/node_modules_next_dist_0u_w_5s._.js:1945
[  919240ms] [ERROR] ./src/messages/bg.json:312:388
Unable to make a module from invalid JSON
  310 | ... изследователски химикали, а не като лекарствени средства. Всички наши продукти се продават с ясно обозначение, че са предназначени единствено за in vitro употреба.",
  311 | ...
> 312 | ...едете номера на поръчката в раздел „Проследи поръчка". При въпроси се свържете с нас чрез WhatsApp за бърз отговор."
      |                                                         ^
  313 | ...
  314 | ...
  315 | ...

expected `,` or `}` at line 312 column 388 @ http://localhost:3000/_next/static/chunks/node_modules_next_dist_0u_w_5s._.js:1945
[  919267ms] [LOG] [Fast Refresh] rebuilding @ http://localhost:3000/_next/static/chunks/node_modules_next_dist_0u_w_5s._.js:1226
[  936102ms] [ERROR] ./src/messages/bg.json:312:388
Unable to make a module from invalid JSON
  310 | ... изследователски химикали, а не като лекарствени средства. Всички наши продукти се продават с ясно обозначение, че са предназначени единствено за in vitro употреба.",
  311 | ...
> 312 | ...едете номера на поръчката в раздел „Проследи поръчка". При въпроси се свържете с нас чрез WhatsApp за бърз отговор."
      |                                                         ^
  313 | ...
  314 | ...
  315 | ...

expected `,` or `}` at line 312 column 388 @ http://localhost:3000/_next/static/chunks/node_modules_next_dist_0u_w_5s._.js:1945
[  936179ms] [LOG] [Fast Refresh] rebuilding @ http://localhost:3000/_next/static/chunks/node_modules_next_dist_0u_w_5s._.js:1226
